Traduccion a CID: 15461811300200315
Traduccion a CID: 1546181130320046
Traduccion a CID: 15461831300200313
Traduccion a CID: 1546183130320044
Traduccion a CID: None
Traduccion a CID: 15461811300200315
Traduccion a CID: None
Traduccion a CID: 15461831300200313
Traduccion a CID: None
Traduccion a CID: 15461811300200315
Traduccion a CID: None
Traduccion a CID: 15461831300200313
Traduccion a CID: None
Traduccion a CID: 15461811300200315
Traduccion a CID: None
Traduccion a CID: 00011831300200313
Traduccion a CID: None
Traduccion a CID: 15461811300200315
Traduccion a CID: None
Traduccion a CID: 15461831300200313
Traduccion a CID: None
Traduccion a CID: None
Traduccion a CID: 15461811300200315
Traduccion a CID: None
Traduccion a CID: 15461831300200313
Traduccion a CID: None
Traduccion a CID: 15461811300200315
Traduccion a CID: None
Traduccion a CID: 15461831300200313
Traduccion a CID: None
Traduccion a CID: 15461811300200315
Traduccion a CID: None
Traduccion a CID: 15461831300200313
Traduccion a CID: None
Traduccion a CID: 15461811300200315
Traduccion a CID: None
Traduccion a CID: 15461831300200313
Traduccion a CID: None
Traduccion a CID: 15461811300200315
Traduccion a CID: None
Traduccion a CID: 15461831300200313
Traduccion a CID: None
Traduccion a CID: None
Traduccion a CID: 15461811300200315
Traduccion a CID: 15461831300200313
Traduccion a CID: None
Traduccion a CID: None
Traduccion a CID: 15461811300200315
Traduccion a CID: None
Traduccion a CID: 15461831300200313
Traduccion a CID: None
Traduccion a CID: 15461811300200315
Traduccion a CID: None
Traduccion a CID: 15461831300200313
Traduccion a CID: None
Traduccion a CID: 15461811300200315
Traduccion a CID: None
Traduccion a CID: 15461831300200313
Traduccion a CID: None
Traduccion a CID: None
Traduccion a CID: 154618113002003
Traduccion a CID: 154618313002003
Traduccion a CID: 154618113002003
Traduccion a CID: 154618313002003
Traduccion a CID: None
Traduccion a CID: None
Traduccion a CID: 1546181120000010
Traduccion a CID: 1546183120000018
Traduccion a CID: 1546181120000029
Traduccion a CID: 1546183120000027
Traduccion a CID: 154618140001000B
Traduccion a CID: 1546181130320046
Traduccion a CID: None
Traduccion a CID: 1546183130320044
Traduccion a CID: None
Traduccion a CID: 154618113002003C
Traduccion a CID: 154618313002003A
Traduccion a CID: None
Traduccion a CID: None
Traduccion a CID: 154618113002003C
Traduccion a CID: None
Traduccion a CID: 154618313002003A
Traduccion a CID: None
Traduccion a CID: 154618113002003C
Traduccion a CID: None
Traduccion a CID: 154618313002003A
Traduccion a CID: None
Traduccion a CID: None
Traduccion a CID: 154618113002003C
Traduccion a CID: 154618313002003A
Traduccion a CID: None
Traduccion a CID: 154618340001000#
Traduccion a CID: None
Traduccion a CID: 154618140001000B
Traduccion a CID: 154618340001000#
Traduccion a CID: 154618113002003C
Traduccion a CID: None
Traduccion a CID: 154618140001000B
Traduccion a CID: 154618340001000#
Traduccion a CID: None
Traduccion a CID: 154618140001000B
Traduccion a CID: 154618340001000#
Traduccion a CID: 154618140001000B
Traduccion a CID: 154618313002003A
Traduccion a CID: 154618340001000#
Traduccion a CID: 154618140001000B
Traduccion a CID: None
Traduccion a CID: None
Traduccion a CID: 154618113002003C
Traduccion a CID: None
Traduccion a CID: None
Traduccion a CID: 154618313002003A
Traduccion a CID: None
Traduccion a CID: None
Traduccion a CID: None
Traduccion a CID: None
Traduccion a CID: None
Traduccion a CID: 154618113002003C
Traduccion a CID: 154618313002003A
Traduccion a CID: None
Traduccion a CID: None
Traduccion a CID: 154618113002003C
Traduccion a CID: None
Traduccion a CID: 154618313002003A
Traduccion a CID: None
Traduccion a CID: 154618113002003C
Traduccion a CID: None
Traduccion a CID: 154618313002003A
Traduccion a CID: None
Traduccion a CID: 154618113002003C
Traduccion a CID: None
Traduccion a CID: 154618313002003A
Traduccion a CID: None
Traduccion a CID: 154618113002003C
Traduccion a CID: None
Traduccion a CID: 154618313002003A
Traduccion a CID: None
Traduccion a CID: 154618113002003C
Traduccion a CID: None
Traduccion a CID: 154618313002003A
Traduccion a CID: None
Traduccion a CID: None
Traduccion a CID: 154618113002003C
Traduccion a CID: None
Traduccion a CID: 154618313002003A
Traduccion a CID: None
Traduccion a CID: 154618113002003C
Traduccion a CID: None
Traduccion a CID: 154618313002003A
Traduccion a CID: None
Traduccion a CID: 154618113002003C
Traduccion a CID: 154618313002003A
Traduccion a CID: None
Traduccion a CID: 154618340001000#
Traduccion a CID: 154618140001000B
Traduccion a CID: None
Traduccion a CID: None
Traduccion a CID: 154618340001000#
Traduccion a CID: 154618140001000B
Traduccion a CID: None
Traduccion a CID: 154618113002003C
Traduccion a CID: None
Traduccion a CID: None
Traduccion a CID: 154618313002003A
Traduccion a CID: None
Traduccion a CID: 154618113002003C
Traduccion a CID: 154618340001000#
Traduccion a CID: None
Traduccion a CID: None
Traduccion a CID: 154618140001000B
Traduccion a CID: None
Traduccion a CID: 154618313002003A
Traduccion a CID: None
Traduccion a CID: 154618113002003C
Traduccion a CID: None
Traduccion a CID: 154618313002003A
Traduccion a CID: None
Traduccion a CID: None
Traduccion a CID: 154618113002003C
Traduccion a CID: None
Traduccion a CID: 154618313002003A
Traduccion a CID: None
Traduccion a CID: 154618113002003C
Traduccion a CID: None
Traduccion a CID: 154618313002003A
Traduccion a CID: None
Traduccion a CID: 154618113002003C
Traduccion a CID: None
Traduccion a CID: 154618313002003A
Traduccion a CID: None
Traduccion a CID: 154618113002003C
Traduccion a CID: None
Traduccion a CID: 154618313002003A
Traduccion a CID: None
Traduccion a CID: None
Traduccion a CID: 154618113002003C
Traduccion a CID: None
Traduccion a CID: None
Traduccion a CID: None
Traduccion a CID: None
Traduccion a CID: None
Traduccion a CID: None
Traduccion a CID: None
Traduccion a CID: None
Traduccion a CID: None
Traduccion a CID: None
Traduccion a CID: None
Traduccion a CID: None
Traduccion a CID: None
Traduccion a CID: None
Traduccion a CID: None
Traduccion a CID: None
Traduccion a CID: None
Traduccion a CID: None
Traduccion a CID: None
Traduccion a CID: None
Traduccion a CID: None
Traduccion a CID: None
Traduccion a CID: None
Traduccion a CID: None
Traduccion a CID: None
Traduccion a CID: None
Traduccion a CID: None
Traduccion a CID: None
Traduccion a CID: None
Traduccion a CID: None
Traduccion a CID: None
Traduccion a CID: None
Traduccion a CID: None
Traduccion a CID: None
Traduccion a CID: None
Traduccion a CID: None
Traduccion a CID: None
Traduccion a CID: None
Traduccion a CID: None
Traduccion a CID: None
Traduccion a CID: None
Traduccion a CID: None
Traduccion a CID: None
Traduccion a CID: None
Traduccion a CID: None
Traduccion a CID: None
Traduccion a CID: None
Traduccion a CID: None
Traduccion a CID: None
Traduccion a CID: None
Traduccion a CID: None
Traduccion a CID: None
Traduccion a CID: None
Traduccion a CID: None
Traduccion a CID: None
Traduccion a CID: None
Traduccion a CID: None
Traduccion a CID: None
Traduccion a CID: None
Traduccion a CID: None
Traduccion a CID: None
Traduccion a CID: None
Traduccion a CID: None
Traduccion a CID: None
Traduccion a CID: None
Traduccion a CID: None
Traduccion a CID: None
Traduccion a CID: None
Traduccion a CID: None
Traduccion a CID: None
Traduccion a CID: None
Traduccion a CID: None
Traduccion a CID: None
Traduccion a CID: None
Traduccion a CID: None
Traduccion a CID: None
Traduccion a CID: None
Traduccion a CID: None
Traduccion a CID: None
Traduccion a CID: None
Traduccion a CID: None
Traduccion a CID: None
Traduccion a CID: None
Traduccion a CID: None
Traduccion a CID: None
Traduccion a CID: None
Traduccion a CID: None
Traduccion a CID: None
Traduccion a CID: None
Traduccion a CID: None
Traduccion a CID: None
Traduccion a CID: None
Traduccion a CID: None
Traduccion a CID: None
Traduccion a CID: None
Traduccion a CID: None
Traduccion a CID: None
Traduccion a CID: None
Traduccion a CID: None
Traduccion a CID: None
Traduccion a CID: None
Traduccion a CID: None
Traduccion a CID: None
Traduccion a CID: None
Traduccion a CID: None
Traduccion a CID: None
Traduccion a CID: None
Traduccion a CID: None
Traduccion a CID: None
Traduccion a CID: None
Traduccion a CID: None
Traduccion a CID: None
Traduccion a CID: None
Traduccion a CID: None
Traduccion a CID: None
Traduccion a CID: None
Traduccion a CID: None
Traduccion a CID: None
Traduccion a CID: None
Traduccion a CID: None
Traduccion a CID: None
Traduccion a CID: None
Traduccion a CID: None
Traduccion a CID: None
Traduccion a CID: None
Traduccion a CID: None
Traduccion a CID: None
Traduccion a CID: None
Traduccion a CID: None
Traduccion a CID: None
Traduccion a CID: None
Traduccion a CID: None
Traduccion a CID: None
Traduccion a CID: None
Traduccion a CID: None
Traduccion a CID: None
Traduccion a CID: None
Traduccion a CID: None
Traduccion a CID: None
Traduccion a CID: None
Traduccion a CID: None
Traduccion a CID: None
Traduccion a CID: None
Traduccion a CID: None
Traduccion a CID: None
Traduccion a CID: None
Traduccion a CID: None
Traduccion a CID: None
Traduccion a CID: None
Traduccion a CID: None
Traduccion a CID: None
Traduccion a CID: None
Traduccion a CID: None
Traduccion a CID: None
Traduccion a CID: None
Traduccion a CID: None
Traduccion a CID: None
Traduccion a CID: None
Traduccion a CID: None
Traduccion a CID: None
Traduccion a CID: None
Traduccion a CID: None
Traduccion a CID: None
Traduccion a CID: None
Traduccion a CID: None
Traduccion a CID: None
Traduccion a CID: None
Traduccion a CID: None
Traduccion a CID: None
Traduccion a CID: None
Traduccion a CID: None
Traduccion a CID: None
Traduccion a CID: None
Traduccion a CID: None
Traduccion a CID: None
Traduccion a CID: None
Traduccion a CID: None
Traduccion a CID: None
Traduccion a CID: None
Traduccion a CID: None
Traduccion a CID: None
Traduccion a CID: None
Traduccion a CID: None
Traduccion a CID: None
Traduccion a CID: None
Traduccion a CID: None
Traduccion a CID: None
Traduccion a CID: None
Traduccion a CID: None
Traduccion a CID: None
Traduccion a CID: None
Traduccion a CID: None
Traduccion a CID: None
Traduccion a CID: None
Traduccion a CID: None
Traduccion a CID: None
Traduccion a CID: None
Traduccion a CID: None
Traduccion a CID: None
Traduccion a CID: None
Traduccion a CID: None
Traduccion a CID: None
Traduccion a CID: None
Traduccion a CID: None
Traduccion a CID: None
Traduccion a CID: None
Traduccion a CID: None
Traduccion a CID: None
Traduccion a CID: None
Traduccion a CID: None
Traduccion a CID: None
Traduccion a CID: None
Traduccion a CID: None
Traduccion a CID: None
Traduccion a CID: None
Traduccion a CID: None
Traduccion a CID: None
Traduccion a CID: None
Traduccion a CID: None
Traduccion a CID: None
Traduccion a CID: None
Traduccion a CID: None
Traduccion a CID: None
Traduccion a CID: None
Traduccion a CID: None
Traduccion a CID: None
Traduccion a CID: None
Traduccion a CID: None
Traduccion a CID: None
Traduccion a CID: None
Traduccion a CID: None
Traduccion a CID: None
Traduccion a CID: None
Traduccion a CID: None
Traduccion a CID: None
Traduccion a CID: None
Traduccion a CID: None
Traduccion a CID: None
Traduccion a CID: None
Traduccion a CID: None
Traduccion a CID: None
Traduccion a CID: None
Traduccion a CID: None
Traduccion a CID: None
Traduccion a CID: None
Traduccion a CID: None
Traduccion a CID: None
Traduccion a CID: None
Traduccion a CID: None
Traduccion a CID: None
Traduccion a CID: None
Traduccion a CID: None
Traduccion a CID: None
Traduccion a CID: None
Traduccion a CID: None
Traduccion a CID: None
Traduccion a CID: None
Traduccion a CID: None
Traduccion a CID: None
Traduccion a CID: None
Traduccion a CID: None
Traduccion a CID: None
Traduccion a CID: None
Traduccion a CID: None
Traduccion a CID: None
Traduccion a CID: 154618313002003A
Traduccion a CID: 154618140001764#
Traduccion a CID: 1546183400017640
Traduccion a CID: None
Traduccion a CID: 1546181400010072
Traduccion a CID: 154618113002003C
Traduccion a CID: None
Traduccion a CID: 154618313002003A
Traduccion a CID: None
Traduccion a CID: 154618113002003C
Traduccion a CID: None
Traduccion a CID: 154618313002003A
Traduccion a CID: None
Traduccion a CID: 154618113002003C
Traduccion a CID: None
Traduccion a CID: None
Traduccion a CID: 154618313002003A
Traduccion a CID: None
Traduccion a CID: None
Traduccion a CID: 154618113002003C
Traduccion a CID: None
Traduccion a CID: 154618313002003A
Traduccion a CID: None
Traduccion a CID: 154618113002003C
Traduccion a CID: None
Traduccion a CID: 154618313002003A
Traduccion a CID: None
Traduccion a CID: 154618113002003C
Traduccion a CID: None
Traduccion a CID: 154618313002003A
Traduccion a CID: None
Traduccion a CID: 154618113002003C
Traduccion a CID: None
Traduccion a CID: 154618313002003A
Traduccion a CID: None
Traduccion a CID: 154618113002003C
Traduccion a CID: None
Traduccion a CID: 154618313002003A
Traduccion a CID: None
Traduccion a CID: None
Traduccion a CID: 154618113002003C
Traduccion a CID: None
Traduccion a CID: 154618313002003A
Traduccion a CID: None
Traduccion a CID: 154618113002003C
Traduccion a CID: None
Traduccion a CID: 154618313002003A
Traduccion a CID: None
Traduccion a CID: 154618113002003C
Traduccion a CID: None
Traduccion a CID: 154618313002003A
Traduccion a CID: None
Traduccion a CID: 154618113002003C
Traduccion a CID: None
Traduccion a CID: 154618313002003A
Traduccion a CID: None
Traduccion a CID: 154618113002003C
Traduccion a CID: None
Traduccion a CID: 154618313002003A
Traduccion a CID: None
Traduccion a CID: None
Traduccion a CID: 154618113002003C
Traduccion a CID: 154618313002003A
Traduccion a CID: None
Traduccion a CID: None
Traduccion a CID: 154618113002003C
Traduccion a CID: None
Traduccion a CID: 154618313002003A
Traduccion a CID: None
Traduccion a CID: 154618113002003C
Traduccion a CID: None
Traduccion a CID: 154618313002003A
Traduccion a CID: None
Traduccion a CID: 154618113002003C
Traduccion a CID: None
Traduccion a CID: 154618313002003A
Traduccion a CID: None
Traduccion a CID: 154618113002003C
Traduccion a CID: None
Traduccion a CID: 154618313002003A
Traduccion a CID: None
Traduccion a CID: None
Traduccion a CID: 154618113002003C
Traduccion a CID: 154618313002003A
Traduccion a CID: None
Traduccion a CID: None
Traduccion a CID: 154618113002003C
Traduccion a CID: None
Traduccion a CID: 154618313002003A
Traduccion a CID: None
Traduccion a CID: 154618113002003C
Traduccion a CID: None
Traduccion a CID: 154618313002003A
Traduccion a CID: None
Traduccion a CID: 154618113002003C
Traduccion a CID: 154618313002003A
Traduccion a CID: None
Traduccion a CID: None
Traduccion a CID: 154618113002003C
Traduccion a CID: None
Traduccion a CID: 154618313002003A
Traduccion a CID: None
Traduccion a CID: 154618113002003C
Traduccion a CID: None
Traduccion a CID: 154618313002003A
Traduccion a CID: None
Traduccion a CID: 154618113002003C
Traduccion a CID: None
Traduccion a CID: 1546183400017668
Traduccion a CID: None
Traduccion a CID: 154618313002003A
Traduccion a CID: None
Traduccion a CID: 154618113002003C
Traduccion a CID: None
Traduccion a CID: None
Traduccion a CID: 154618313002003A
Traduccion a CID: None
Traduccion a CID: 154618113002003C
Traduccion a CID: None
Traduccion a CID: 154618313002003A
Traduccion a CID: None
Traduccion a CID: 154618113002003C
Traduccion a CID: None
Traduccion a CID: 154618313002003A
Traduccion a CID: None
Traduccion a CID: None
Traduccion a CID: 154618113002003C
Traduccion a CID: 154618313002003A
Traduccion a CID: None
Traduccion a CID: 154618113002003C
Traduccion a CID: None
